<?xml version="1.0" encoding="UTF-8"?>
<!-- Generated by org.testng.reporters.JUnitXMLReporter -->
<testsuite hostname="Nilmie" failures="0" tests="6" name="Default test" time="2.251" errors="0" timestamp="18 Dec 2020 06:45:37 GMT">
  <testcase classname="Test.GetEmployees" name="DeleteEmployee" time="2.013"/>
  <testcase classname="Test.GetEmployees" name="GetEmployee" time="0.061"/>
  <testcase classname="Test.GetEmployees" name="GetEmployee2" time="0.025"/>
  <testcase classname="Test.GetEmployees" name="GetEmployee3" time="0.029"/>
  <testcase classname="Test.GetEmployees" name="PostEmployee" time="0.058"/>
  <testcase classname="Test.GetEmployees" name="PutEmployee" time="0.035"/>
</testsuite> <!-- Default test -->
